<?xml version="1.0" encoding="UTF-8"?>
<!-- Generated by org.testng.reporters.JUnitReportReporter -->
<testsuite hostname="Igor-PC" name="com.booking.exam.BaseExamTest" tests="5" failures="0" timestamp="28 Jul 2015 15:20:25 GMT" time="787.842" errors="0">
  <testcase name="CheckWifiAndFreeParking" time="212.034" classname="com.booking.exam.BaseExamTest"/>
  <testcase name="HomePageBooking" time="126.705" classname="com.booking.exam.BaseExamTest"/>
  <testcase name="CheckIsTheSameAsNumberExelAndPage" time="100.009" classname="com.booking.exam.BaseExamTest"/>
  <testcase name="DiscoverNewDestination" time="177.743" classname="com.booking.exam.BaseExamTest"/>
  <testcase name="FindAndVerifyMontenegro" time="171.351" classname="com.booking.exam.BaseExamTest"/>
</testsuite> <!-- com.booking.exam.BaseExamTest -->
