<?xml version="1.0" encoding="UTF-8"?>
<!-- Generated by org.testng.reporters.JUnitReportReporter -->
<testsuite hostname="Igor-PC" name="com.booking.exam.BaseExamTest" tests="3" failures="0" timestamp="24 Jul 2015 13:33:36 GMT" time="461.422" errors="0">
  <testcase name="HomePageBooking" time="113.045" classname="com.booking.exam.BaseExamTest"/>
  <testcase name="FindAndVerifyMontenegro" time="146.191" classname="com.booking.exam.BaseExamTest"/>
  <testcase name="CheckWifiAndFreeParking" time="202.186" classname="com.booking.exam.BaseExamTest"/>
</testsuite> <!-- com.booking.exam.BaseExamTest -->
