<?xml version="1.0" encoding="UTF-8"?>
<!-- Generated by org.testng.reporters.JUnitReportReporter -->
<testsuite hostname="Igor-PC" name="com.booking.exam.BaseExamTest" tests="1" failures="0" timestamp="24 Jul 2015 16:49:18 GMT" time="106.618" errors="0">
  <testcase name="DiscoverNewDestination" time="106.618" classname="com.booking.exam.BaseExamTest"/>
</testsuite> <!-- com.booking.exam.BaseExamTest -->
