<?xml version="1.0" encoding="UTF-8"?>
<!-- Generated by org.testng.reporters.JUnitReportReporter -->
<testsuite hostname="Igor-PC" name="com.booking.exam.BaseExamTest" tests="5" failures="0" timestamp="26 Jul 2015 06:57:50 GMT" time="355.835" errors="0">
  <testcase name="DiscoverNewDestination" time="78.393" classname="com.booking.exam.BaseExamTest"/>
  <testcase name="CheckIsTheSameAsNumberExelAndPage" time="48.176" classname="com.booking.exam.BaseExamTest"/>
  <testcase name="FindAndVerifyMontenegro" time="80.201" classname="com.booking.exam.BaseExamTest"/>
  <testcase name="HomePageBooking" time="64.464" classname="com.booking.exam.BaseExamTest"/>
  <testcase name="CheckWifiAndFreeParking" time="84.601" classname="com.booking.exam.BaseExamTest"/>
</testsuite> <!-- com.booking.exam.BaseExamTest -->
